<?xml version="1.0" encoding="UTF-8"?>
<!-- Generated by org.testng.reporters.JUnitReportReporter -->
<testsuite hostname="DESKTOP-Q9C9C9J" failures="0" tests="1" name="testCases.TC02_LoginTest" time="2.345" errors="0" timestamp="2025-02-01T20:08:37 IST" skipped="0">
  <testcase classname="testCases.TC02_LoginTest" name="verify_Login" time="2.345"/>
  <system-out/>
</testsuite> <!-- testCases.TC02_LoginTest -->
