<?xml version="1.0" encoding="UTF-8"?>
<!-- Generated by org.testng.reporters.JUnitReportReporter -->
<testsuite hostname="DESKTOP-Q9C9C9J" failures="0" tests="1" name="testCases.TC02_LoginTest" time="2.162" errors="0" timestamp="2025-01-28T15:14:41 IST" skipped="0">
  <testcase classname="testCases.TC02_LoginTest" name="verify_Login" time="2.162"/>
  <system-out/>
</testsuite> <!-- testCases.TC02_LoginTest -->
