<?xml version="1.0" encoding="UTF-8"?>
<!-- Generated by org.testng.reporters.JUnitReportReporter -->
<testsuite hostname="DESKTOP-Q9C9C9J" failures="0" tests="1" name="testCases.TC05_BrokenLink" time="140.468" errors="0" timestamp="2025-02-01T20:08:37 IST" skipped="0">
  <testcase classname="testCases.TC05_BrokenLink" name="validateBrokenLinks" time="140.468"/>
  <system-out/>
</testsuite> <!-- testCases.TC05_BrokenLink -->
